[2025-05-01 19:00:11] 이메일 전송 시작 → s5593@naver.com
[2025-05-01 19:00:15] [비동기] 이메일 전송 성공: s5593@naver.com
[2025-05-01 19:02:01] 이메일 전송 시작 → s5593@naver.com
[2025-05-01 19:02:05] [비동기] 이메일 전송 성공: s5593@naver.com
[2025-05-01 19:03:04] 이메일 전송 시작 → rlaqjatn5593@gmail.com
[2025-05-01 19:03:04] [비동기] 이메일 전송 실패: Message body empty
[2025-05-01 19:05:59] 📥 디코딩된 본문: []
[2025-05-01 19:05:59] 📥 디코딩된 본문: []
[2025-05-01 19:05:59] 이메일 전송 시작 → rlaqjatn5593@gmail.com
[2025-05-01 19:05:59] [비동기] 이메일 전송 실패: Message body empty
[2025-05-01 19:11:47] 📥 디코딩된 본문: [홈페이지]]
[2025-05-01 19:11:47] 📥 디코딩된 본문: [이메일]
[2025-05-01 19:11:47] 📥 디코딩된 본문: []
[2025-05-01 19:11:47] 📥 디코딩된 본문: []
[2025-05-01 19:11:47] 이메일 전송 시작 → rlaqjatn5593@gmail.com
[2025-05-01 19:11:47] [비동기] 이메일 전송 실패: Message body empty
[2025-05-01 19:20:19] 📥 디코딩된 본문: [DQogICAgICAgIDxkaXYgc3R5bGU9J2ZvbnQtZmFtaWx5OiBBcmlhbCwgc2Fucy1zZXJpZjsnPg0KICAgICAgICAgICAgPGgzIHN0]
[2025-05-01 19:20:19] 📥 디코딩된 본문: [7J2066mU7J28IOyduOymnSDrp4Htgaw6IGh0dHA6Ly9sb2NhbGhvc3QvcGhwL2F1dGgvdmVyaWZ5X2VtYWlsLnBocD90b2tlbj0i]
[2025-05-01 19:20:19] 📥 디코딩된 본문: [
        <div style='font-family: Arial, sans-serif;'>
            <h3 style='color:#333;'>이메?]
[2025-05-01 19:20:19] 📥 디코딩된 본문: [이메일 인증 링크: http://localhost/php/auth/verify_email.php?token="4d42dd503258a31433848e8a5]
[2025-05-01 19:20:19] 이메일 전송 시작 → rlaqjatn5593@gmail.com
[2025-05-01 19:20:24] [비동기] 이메일 전송 성공: rlaqjatn5593@gmail.com
[2025-05-01 19:21:21] 📥 디코딩된 본문: [DQo8ZGl2IHN0eWxlPSdmb250LWZhbWlseTogQXJpYWwsIHNhbnMtc2VyaWY7Jz4NCiAgPGgzPuyVhOydtOuUlCDssL7quLAg7JWI]
[2025-05-01 19:21:21] 📥 디코딩된 본문: [7JWI64WV7ZWY7IS47JqULCBzNTU5M+uLmC4K7JqU7LKt7ZWY7IugIOyVhOydtOuUlOuKlCDri6TsnYzqs7wg6rCZ7Iq164uI64uk]
[2025-05-01 19:21:21] 📥 디코딩된 본문: [
<div style='font-family: Arial, sans-serif;'>
  <h3>아이디 찾기 안내</h3>
  <p>요청하?]
[2025-05-01 19:21:21] 📥 디코딩된 본문: [안녕하세요, s5593님.
요청하신 아이디는 다음과 같습니다: s5593]
[2025-05-01 19:21:21] 이메일 전송 시작 → s5593@naver.com
[2025-05-01 19:21:25] [비동기] 이메일 전송 성공: s5593@naver.com
