[2025-05-03 14:42:02] === send_email.sh 실행됨 ===
[2025-05-03 14:42:02] 이메일: s5593@naver.com
[2025-05-03 14:42:02] 제목: [스트리머 홈페이지] 이메일 인증을 완료해주세요
[2025-05-03 14:42:02] 임시 파일 경로: /tmp/email_body_19495.b64 / /tmp/email_alt_19495.b64
[2025-05-03 14:42:02] ✅ PHP 스크립트 정상 실행 완료
[2025-05-03 14:42:02] === 종료 ===

[2025-05-03 14:45:33] === send_email.sh 실행됨 ===
[2025-05-03 14:45:33] 이메일: s5593@naver.com
[2025-05-03 14:45:33] 제목: [스트리머 홈페이지] 이메일 인증을 완료해주세요
[2025-05-03 14:45:33] 임시 파일 경로: /tmp/email_body_24045.b64 / /tmp/email_alt_24045.b64
[2025-05-03 14:45:33] ✅ PHP 스크립트 정상 실행 완료
[2025-05-03 14:45:33] === 종료 ===

[2025-05-03 14:52:43] === send_email.sh 실행됨 ===
[2025-05-03 14:52:43] 이메일: s5593@naver.com
[2025-05-03 14:52:43] 제목: [스트리머 홈페이지] 이메일 인증을 완료해주세요
[2025-05-03 14:52:43] 임시 파일 경로: /tmp/email_body_27333.b64 / /tmp/email_alt_27333.b64
[2025-05-03 14:52:43] ✅ PHP 스크립트 정상 실행 완료
[2025-05-03 14:52:43] === 종료 ===

[2025-05-03 14:55:29] === send_email.sh 실행됨 ===
[2025-05-03 14:55:29] 이메일: s5593@naver.com
[2025-05-03 14:55:29] 제목: [스트리머 홈페이지] 이메일 인증을 완료해주세요
[2025-05-03 14:55:29] 임시 파일 경로: /tmp/email_body_29416.b64 / /tmp/email_alt_29416.b64
[2025-05-03 14:55:29] ✅ PHP 스크립트 정상 실행 완료
[2025-05-03 14:55:29] === 종료 ===

